2023-02-07 01:04:58,442 - DEBUG - livestream_saver - Regex filters ['allow_regex: None', 'block_regex: None']
2023-02-07 01:04:58,443 - INFO - livestream_saver.cookies - No cookie path submitted. Using a blank cookie jar.
2023-02-07 01:04:58,670 - DEBUG - livestream_saver.request - Initial req header items: [('Host', 'www.youtube.com'), ('User-agent', 'Mozilla/5.0 (Windows NT 6.1; Win64; x64; rv:90.0) Gecko/20100101 Firefox/90.0'), ('Accept-language', 'en-US,en')]
2023-02-07 01:04:58,672 - DEBUG - livestream_saver.request - Initial res headers: Content-Type: text/html; charset=utf-8
X-Content-Type-Options: nosniff
Cache-Control: no-cache, no-store, max-age=0, must-revalidate
Pragma: no-cache
Expires: Mon, 01 Jan 1990 00:00:00 GMT
Date: Mon, 06 Feb 2023 19:34:58 GMT
Strict-Transport-Security: max-age=31536000
X-Frame-Options: SAMEORIGIN
Report-To: {"group":"youtube_main","max_age":2592000,"endpoints":[{"url":"https://csp.withgoogle.com/csp/report-to/youtube_main"}]}
Permissions-Policy: ch-ua-arch=*, ch-ua-bitness=*, ch-ua-full-version=*, ch-ua-full-version-list=*, ch-ua-model=*, ch-ua-wow64=*, ch-ua-platform=*, ch-ua-platform-version=*
Cross-Origin-Opener-Policy-Report-Only: same-origin-allow-popups; report-to="youtube_main"
P3P: CP="This is not a P3P policy! See http://support.google.com/accounts/answer/151657?hl=en for more info."
Server: ESF
X-XSS-Protection: 0
Set-Cookie: GPS=1; Domain=.youtube.com; Expires=Mon, 06-Feb-2023 20:04:58 GMT; Path=/; Secure; HttpOnly
Set-Cookie: YSC=XKq-HIzv1A8; Domain=.youtube.com; Path=/; Secure; HttpOnly; SameSite=none
Set-Cookie: VISITOR_INFO1_LIVE=Ou1s4kzpTVQ; Domain=.youtube.com; Expires=Sat, 05-Aug-2023 19:34:58 GMT; Path=/; Secure; HttpOnly; SameSite=none
Set-Cookie: DEVICE_INFO=ChxOekU1TnpFeU9EWTFPVGc1TXpBek1UQTNOdz09EOKshZ8GGOKshZ8G; Domain=.youtube.com; Expires=Sat, 05-Aug-2023 19:34:58 GMT; Path=/; Secure; HttpOnly; SameSite=none
Alt-Svc: h3=":443"; ma=2592000,h3-29=":443"; ma=2592000
Accept-Ranges: none
Vary: Accept-Encoding
Connection: close
Transfer-Encoding: chunked


2023-02-07 01:04:58,677 - DEBUG - livestream_saver.request - Initial req cookies after extract: Set-Cookie: DEVICE_INFO=ChxOekU1TnpFeU9EWTFPVGc1TXpBek1UQTNOdz09EOKshZ8GGOKshZ8G
Set-Cookie: GPS=1
Set-Cookie: VISITOR_INFO1_LIVE=Ou1s4kzpTVQ
Set-Cookie: YSC=XKq-HIzv1A8
2023-02-07 01:04:58,678 - DEBUG - livestream_saver.request - Setting consent cookie: <Cookie CONSENT=YES+cb.20210328-17-p0.en+F+796 for .youtube.com/>
2023-02-07 01:04:58,679 - INFO - livestream_saver - Monitoring channel: streams
2023-02-07 01:04:59,045 - DEBUG - livestream_saver.monitor - Parsing json of selected tab: "Live"...
2023-02-07 01:04:59,045 - DEBUG - livestream_saver.monitor - Getting videos from the Home tab data...
2023-02-07 01:04:59,045 - DEBUG - livestream_saver.request - Making API request... endpoint='https://www.youtube.com/youtubei/v1/browse?key=AIzaSyAO_FJ2SlqU8Q4STEHLGCilw_Y9_11qcW8&prettyPrint=false'
data={'context': {'client': {'clientName': 'WEB', 'clientVersion': '2.20221026.05.00', 'mainAppWebInfo': {'graftUrl': '/@SaudiSunnahTv/featured'}}}, 'browseId': 'UCROKYPep-UuODNwyipe6JMw', 'params': 'EghmZWF0dXJlZPIGBAoCMgA%3D'}
headers={'User-Agent': 'Mozilla/5.0 (Windows NT 6.1; Win64; x64; rv:90.0) Gecko/20100101 Firefox/90.0', 'Accept-Language': 'en-US,en', 'Content-Type': 'application/json', 'Origin': 'https://www.youtube.com', 'X-YouTube-Client-Name': '1', 'X-YouTube-Client-Version': '2.20221026.05.00', 'referer': 'https://www.youtube.com/@SaudiSunnahTv/videos'}
2023-02-07 01:04:59,415 - INFO - livestream_saver.monitor - Currently listed Featured videos: 1
X2EWnA6cc-M - بث مباشر || قناة السنة النبوية Madinah Live HD (LiveStream) LIVE NOW!
2023-02-07 01:04:59,415 - DEBUG - livestream_saver.monitor - Getting videos from the Community tab data...
2023-02-07 01:04:59,415 - DEBUG - livestream_saver.request - Making API request... endpoint='https://www.youtube.com/youtubei/v1/browse?key=AIzaSyAO_FJ2SlqU8Q4STEHLGCilw_Y9_11qcW8&prettyPrint=false'
data={'context': {'client': {'clientName': 'WEB', 'clientVersion': '2.20221026.05.00', 'mainAppWebInfo': {'graftUrl': '/@SaudiSunnahTv/community'}}}, 'browseId': 'UCROKYPep-UuODNwyipe6JMw', 'params': 'Egljb21tdW5pdHnyBgQKAkoA'}
headers={'User-Agent': 'Mozilla/5.0 (Windows NT 6.1; Win64; x64; rv:90.0) Gecko/20100101 Firefox/90.0', 'Accept-Language': 'en-US,en', 'Content-Type': 'application/json', 'Origin': 'https://www.youtube.com', 'X-YouTube-Client-Name': '1', 'X-YouTube-Client-Version': '2.20221026.05.00', 'referer': 'https://www.youtube.com/@SaudiSunnahTv/videos'}
2023-02-07 01:04:59,625 - INFO - livestream_saver.monitor - Currently listed community videos: 0

2023-02-07 01:04:59,625 - DEBUG - livestream_saver.monitor - Getting videos from the Videos tab data...
2023-02-07 01:04:59,625 - DEBUG - livestream_saver.request - Making API request... endpoint='https://www.youtube.com/youtubei/v1/browse?key=AIzaSyAO_FJ2SlqU8Q4STEHLGCilw_Y9_11qcW8&prettyPrint=false'
data={'context': {'client': {'clientName': 'WEB', 'clientVersion': '2.20221026.05.00', 'mainAppWebInfo': {'graftUrl': '/@SaudiSunnahTv/videos'}}}, 'browseId': 'UCROKYPep-UuODNwyipe6JMw', 'params': 'EgZ2aWRlb3PyBgQKAjoA'}
headers={'User-Agent': 'Mozilla/5.0 (Windows NT 6.1; Win64; x64; rv:90.0) Gecko/20100101 Firefox/90.0', 'Accept-Language': 'en-US,en', 'Content-Type': 'application/json', 'Origin': 'https://www.youtube.com', 'X-YouTube-Client-Name': '1', 'X-YouTube-Client-Version': '2.20221026.05.00', 'referer': 'https://www.youtube.com/@SaudiSunnahTv/videos'}
2023-02-07 01:04:59,928 - INFO - livestream_saver.monitor - Currently listed public videos: 30
U8PbrnYTAwE - صلاة العشاء في #المسجد_النبوي_الشريف بـ #المدينة_المنورة  - تلاوة الشيخ د. عبدالله  البعيجان
I-YF10gexZY - صلاة المغرب من #المسجد_النبوي_الشريف بـ #المدينة_المنورة - تلاوة الشيخ د. خالد بن سليمان المهنا
uAA-NkKPuLE - أداب المساجد فضيلة الشيخ : د. عبدالمحسن بن محمد القاسم. #قناة_السنة_النبوية
Zh3-GykFA94 - شرح كتاب بلوغ المرام الشيخ د.سامي الصقير عضو هيئة كبار العلماء. #قناة_السنة_النبوية
YRSfV3oHgq0 - صلاة العشاء في #المسجد_النبوي_الشريف بـ #المدينة_المنورة  - تلاوة الشيخ د. عبدالله البعيجان.
b6B3Qij7YPg - صلاة المغرب من #المسجد_النبوي_الشريف  - تلاوة الشيخ د. خالد بن سليمان المهنا. #قناة_السنة_النبوية
xvKFzIavmng - صلاة الظهر من #المسجد_النبوي_الشريف بـ #المدينة_المنورة  - الشيخ د. عبدالله بن عبدالرحمن البعيجان.
F6cAXPSZ8Hk - أحاديث عن الصلاة  الشيخ د. عبدالرزاق بن عبدالمحسن البدر. #قناة_السنة_النبوية
2YL_hJMASc4 - شرح كتاب بلوغ المرام الشيخ د.سامي الصقير عضو هيئة كبار العلماء. #قناة_السنة_النبوية
TuxH265UR6Q - صلاة العشاء في #المسجد_النبوي_الشريف بـ #المدينة_المنورة  - تلاوة الشيخ د. عبدالمحسن بن محمد القاسم
N7GmlpBR6Vo - خطبتا وصلاة الجمعة من المسجد النبوي الشريف بالمدينة المنورة - 1444/07/12هـ
TtqPBr9lXmA - صلاة المغرب من #المسجد_النبوي_الشريف بـ #المدينة_المنورة - تلاوة الشيخ د. عبدالباري بن عواض الثبيتي.
0KYIxCOPHT4 - صلاة الظهر في #المسجد_النبوي_الشريف بـ #المدينة_المنورة - الشيخ د. عبدالمحسن القاسم.
taIQ57jeeng - أحاديث عن الصلاة النافلة. الشيخ د. عبدالرزاق بن عبدالمحسن البدر. #قناة_السنة_النبوية
d5xmI3qEBuQ - شرح كتاب بلوغ المرام الشيخ د.سامي الصقير عضو هيئة كبار العلماء. #قناة_السنة_النبوية
iZekvij-uZE - صلاة العشاء في #المسجد_النبوي_الشريف بـ #المدينة_المنورة  - تلاوة الشيخ د. عبدالمحسن بن محمد القاسم
9UZ6OvMqPZ4 - صلاة المغرب من #المسجد_النبوي_الشريف بـ #المدينة_المنورة - تلاوة الشيخ د. عبدالباري بن عواض الثبيتي
oG50F8Xhl60 - صلاة الظهر من #المسجد_النبوي_الشريف بـ #المدينة_المنورة  - الشيخ د. عبدالله بن عبدالرحمن البعيجان.
2RgG10ZObek - مختصر سيرة الرسول صلى الله عليه وسلم الشيخ عبدالله بن عبدالرحمن البعيجان. #قناة_السنة_النبوية
K9NoUh1HIYc - شرح كتاب بلوغ المرام الشيخ د.سامي الصقير عضو هيئة كبار العلماء. #قناة_السنة_النبوية
QNvhthKG8zQ - صلاة العشاء في #المسجد_النبوي_الشريف بـ #المدينة_المنورة  - تلاوة الشيخ د. عبدالمحسن بن محمد القاسم.
hiJx9f1azJk - صلاة المغرب من #المسجد النبوي الشريف بـ #المدينة المنورة   تلاوة الشيخ د  عبدالباري بن عواض الثبيتي
vf7lblOeAkw - صلاة الظهر من #المسجد_النبوي_الشريف بـ #المدينة_المنورة  - الشيخ د. عبدالله بن عبدالرحمن البعيجان.
8J04U8K3I50 - أحاديث عن الدعاء مع الشيخ د. عبدالرّزاق بن عبدالمحسن البدر . #قناة_السنة_النبوية
KNXfck10Gzs - شرح كتاب بلوغ المرام الشيخ د.سامي الصقير عضو هيئة كبار العلماء. #قناة_السنة_النبوية
7pARWs913lc - صلاة العشاء في #المسجد_النبوي_الشريف بـ #المدينة_المنورة  - تلاوة الشيخ د. عبدالمحسن بن محمد القاسم.
i1Zwp1HV2Es - صلاة المغرب في المسجد النبوي الشريف بالمدينة المنورة تلاوة الشيخ د  عبدالله بن عبدالرحمن البعيجان
V9oOgQ3Zyeg - #أذكار_المساء - لغة الإشارة : د. خالد الذكير. #قناة_السنة_النبوية⁩
FmhQhhQOB0s - صلاة الظهر من #المسجد_النبوي_الشريف بـ #المدينة_المنورة  - الشيخ د. عبدالله بن عبدالرحمن البعيجان.
n8nvDcSzmw4 - صلاة المغرب في المسجد النبوي  بـ #المدينة المنورة   تلاوة الشيخ د  عبدالله بن عبدالرحمن البعيجان.
2023-02-07 01:04:59,930 - DEBUG - livestream_saver.monitor - Getting videos from the Live tab data...
2023-02-07 01:04:59,930 - DEBUG - livestream_saver.request - Making API request... endpoint='https://www.youtube.com/youtubei/v1/browse?key=AIzaSyAO_FJ2SlqU8Q4STEHLGCilw_Y9_11qcW8&prettyPrint=false'
data={'context': {'client': {'clientName': 'WEB', 'clientVersion': '2.20221026.05.00', 'mainAppWebInfo': {'graftUrl': '/@SaudiSunnahTv/streams'}}}, 'browseId': 'UCROKYPep-UuODNwyipe6JMw', 'params': 'EgdzdHJlYW1z8gYECgJ6AA%3D%3D'}
headers={'User-Agent': 'Mozilla/5.0 (Windows NT 6.1; Win64; x64; rv:90.0) Gecko/20100101 Firefox/90.0', 'Accept-Language': 'en-US,en', 'Content-Type': 'application/json', 'Origin': 'https://www.youtube.com', 'X-YouTube-Client-Name': '1', 'X-YouTube-Client-Version': '2.20221026.05.00', 'referer': 'https://www.youtube.com/@SaudiSunnahTv/videos'}
2023-02-07 01:05:00,244 - INFO - livestream_saver.monitor - Currently listed public Live streams: 30
X2EWnA6cc-M - بث مباشر || قناة السنة النبوية Madinah Live HD (LiveStream) LIVE NOW!
OPIQ-J_zng4 - بث مباشر || قناة السنة النبوية Madinah Live HD
Sgk33OEX3c4 - بث مباشر || قناة السنة النبوية Madinah Live HD
Su2pSHQoLys - بث مباشر || قناة السنة النبوية Madinah Live HD
ZG7y8u-_Ogc - بث مباشر || قناة السنة النبوية Madinah Live HD
J6kl-ZFX_0M - بث مباشر || قناة السنة النبوية Madinah Live HD
rG0fGM2-VJ0 - بث مباشر || قناة السنة النبوية Madinah Live HD
rCqTPeI7kLk - بث مباشر || قناة السنة النبوية Madinah Live HD
hayD4gzB9gA - بث مباشر || قناة السنة النبوية Madinah Live HD
ikkwppDHuos - بث مباشر || قناة السنة النبوية Madinah Live HD
amYaf3hwd2U - بث مباشر || قناة السنة النبوية Madinah Live HD
rkeZEhEhi40 - بث مباشر || قناة السنة النبوية Madinah Live HD
2qcTD_XV_Ro - بث مباشر || قناة السنة النبوية Madinah Live HD
YpjusKK-1wg - بث مباشر || قناة السنة النبوية Madinah Live HD
WvF1BW1o7sE - بث مباشر || قناة السنة النبوية Madinah Live HD
Ypqz6p0gWAI - بث مباشر || قناة السنة النبوية Madinah Live HD
DzNjlqqzk8w - بث مباشر || قناة السنة النبوية Madinah Live HD
DCYwaxQGchg - بث مباشر || قناة السنة النبوية Madinah Live HD
o13W9d5hMgw - بث مباشر || قناة السنة النبوية Madinah Live HD
8YkHdLvq0H4 - بث مباشر || قناة السنة النبوية Madinah Live HD
5k2dTxzjfAo - بث مباشر || قناة السنة النبوية Madinah Live HD
qbD4-7UKWWM - بث مباشر || قناة السنة النبوية Madinah Live HD
LDsnCnQHk0A - بث مباشر || قناة السنة النبوية Madinah Live HD
caL4DpogBNQ - بث مباشر || قناة السنة النبوية Madinah Live HD
MBI9xFfYrpc - بث مباشر || قناة السنة النبوية Madinah Live HD
F-yLSbj7bk8 - بث مباشر || قناة السنة النبوية Madinah Live HD
4HSsLgYwjPg - بث مباشر || قناة السنة النبوية Madinah Live HD
__lA7PRR-kY - بث مباشر || قناة السنة النبوية Madinah Live HD
D_32GUbZtr8 - بث مباشر || قناة السنة النبوية Madinah Live HD
5veTJ-NiAzk - بث مباشر || قناة السنة النبوية Madinah Live HD
2023-02-07 01:05:00,248 - DEBUG - livestream_saver - Live videos found for channel "قناة السنة النبوية": [{'videoId': 'X2EWnA6cc-M', 'thumbnail': {'thumbnails': [{'url': 'https://i.ytimg.com/vi/X2EWnA6cc-M/hqdefault_live.jpg?sqp=-oaymwEbCKgBEF5IVfKriqkDDggBFQAAiEIYAXABwAEG&rs=AOn4CLAyimq16tOmyTAh40kspLC13JevbQ', 'width': 168, 'height': 94}, {'url': 'https://i.ytimg.com/vi/X2EWnA6cc-M/hqdefault_live.jpg?sqp=-oaymwEbCMQBEG5IVfKriqkDDggBFQAAiEIYAXABwAEG&rs=AOn4CLCFOZYD4HVHwaSnZGZi85WTb6Koug', 'width': 196, 'height': 110}, {'url': 'https://i.ytimg.com/vi/X2EWnA6cc-M/hqdefault_live.jpg?sqp=-oaymwEcCPYBEIoBSFXyq4qpAw4IARUAAIhCGAFwAcABBg==&rs=AOn4CLC7BI8Zp3Ut1Vq19g46Ejm2lIgoqw', 'width': 246, 'height': 138}, {'url': 'https://i.ytimg.com/vi/X2EWnA6cc-M/hqdefault_live.jpg?sqp=-oaymwEcCNACELwBSFXyq4qpAw4IARUAAIhCGAFwAcABBg==&rs=AOn4CLCU4bg9RXrMIdq6ZSwfPO6BOMwjKw', 'width': 336, 'height': 188}]}, 'isLiveNow': True, 'isLive': True, 'title': 'بث مباشر || قناة السنة النبوية Madinah Live HD', 'url': '/watch?v=X2EWnA6cc-M'}, {'videoId': 'X2EWnA6cc-M', 'thumbnail': {'thumbnails': [{'url': 'https://i.ytimg.com/vi/X2EWnA6cc-M/hqdefault_live.jpg?sqp=-oaymwEbCKgBEF5IVfKriqkDDggBFQAAiEIYAXABwAEG&rs=AOn4CLAyimq16tOmyTAh40kspLC13JevbQ', 'width': 168, 'height': 94}, {'url': 'https://i.ytimg.com/vi/X2EWnA6cc-M/hqdefault_live.jpg?sqp=-oaymwEbCMQBEG5IVfKriqkDDggBFQAAiEIYAXABwAEG&rs=AOn4CLCFOZYD4HVHwaSnZGZi85WTb6Koug', 'width': 196, 'height': 110}, {'url': 'https://i.ytimg.com/vi/X2EWnA6cc-M/hqdefault_live.jpg?sqp=-oaymwEcCPYBEIoBSFXyq4qpAw4IARUAAIhCGAFwAcABBg==&rs=AOn4CLC7BI8Zp3Ut1Vq19g46Ejm2lIgoqw', 'width': 246, 'height': 138}, {'url': 'https://i.ytimg.com/vi/X2EWnA6cc-M/hqdefault_live.jpg?sqp=-oaymwEcCNACELwBSFXyq4qpAw4IARUAAIhCGAFwAcABBg==&rs=AOn4CLCU4bg9RXrMIdq6ZSwfPO6BOMwjKw', 'width': 336, 'height': 188}]}, 'isLiveNow': True, 'isLive': True, 'title': 'بث مباشر || قناة السنة النبوية Madinah Live HD', 'url': '/watch?v=X2EWnA6cc-M'}]
2023-02-07 01:05:00,248 - DEBUG - livestream_saver.util - Creating output_dir: C:\Users\saxen\PycharmProjects\PySunny\livestream_saver\streams\stream_capture_X2EWnA6cc-M...
2023-02-07 01:05:00,249 - INFO - livestream_saver - Found live: X2EWnA6cc-M title: بث مباشر || قناة السنة النبوية Madinah Live HD. Downloading...
2023-02-07 01:05:00,250 - DEBUG - livestream_saver.request - Making API request... endpoint='https://www.youtube.com/youtubei/v1/player?key=AIzaSyA8eiZmM1FaDVjRy-df2KTyQ_vz_yYM39w&prettyPrint=false'
data={'context': {'client': {'clientName': 'ANDROID', 'clientVersion': '17.31.35', 'androidSdkVersion': 30, 'userAgent': 'com.google.android.youtube/17.31.35 (Linux; U; Android 11) gzip', 'hl': 'en'}}, 'videoId': 'X2EWnA6cc-M'}
headers={'User-Agent': 'Mozilla/5.0 (Windows NT 6.1; Win64; x64; rv:90.0) Gecko/20100101 Firefox/90.0', 'Accept-Language': 'en-US,en', 'Content-Type': 'application/json', 'Origin': 'https://www.youtube.com', 'X-YouTube-Client-Name': '3', 'X-YouTube-Client-Version': '17.31.35'}
2023-02-07 01:05:00,545 - DEBUG - livestream_saver.request - Making API request... endpoint='https://www.youtube.com/youtubei/v1/player?key=AIzaSyA8eiZmM1FaDVjRy-df2KTyQ_vz_yYM39w&prettyPrint=false'
data={'context': {'client': {'clientName': 'ANDROID', 'clientVersion': '17.31.35', 'androidSdkVersion': 30, 'userAgent': 'com.google.android.youtube/17.31.35 (Linux; U; Android 11) gzip', 'hl': 'en'}}, 'videoId': 'X2EWnA6cc-M'}
headers={'User-Agent': 'Mozilla/5.0 (Windows NT 6.1; Win64; x64; rv:90.0) Gecko/20100101 Firefox/90.0', 'Accept-Language': 'en-US,en', 'Content-Type': 'application/json', 'Origin': 'https://www.youtube.com', 'X-YouTube-Client-Name': '3', 'X-YouTube-Client-Version': '17.31.35'}
2023-02-07 01:05:08,589 - DEBUG - livestream_saver.request - Making API request... endpoint='https://www.youtube.com/youtubei/v1/player?key=AIzaSyA8eiZmM1FaDVjRy-df2KTyQ_vz_yYM39w&prettyPrint=false'
data={'context': {'client': {'clientName': 'ANDROID', 'clientVersion': '17.31.35', 'androidSdkVersion': 30, 'userAgent': 'com.google.android.youtube/17.31.35 (Linux; U; Android 11) gzip', 'hl': 'en'}}, 'videoId': 'X2EWnA6cc-M'}
headers={'User-Agent': 'Mozilla/5.0 (Windows NT 6.1; Win64; x64; rv:90.0) Gecko/20100101 Firefox/90.0', 'Accept-Language': 'en-US,en', 'Content-Type': 'application/json', 'Origin': 'https://www.youtube.com', 'X-YouTube-Client-Name': '3', 'X-YouTube-Client-Version': '17.31.35'}
2023-02-07 01:05:19,907 - DEBUG - livestream_saver.request - Making API request... endpoint='https://www.youtube.com/youtubei/v1/player?key=AIzaSyA8eiZmM1FaDVjRy-df2KTyQ_vz_yYM39w&prettyPrint=false'
data={'context': {'client': {'clientName': 'ANDROID', 'clientVersion': '17.31.35', 'androidSdkVersion': 30, 'userAgent': 'com.google.android.youtube/17.31.35 (Linux; U; Android 11) gzip', 'hl': 'en'}}, 'videoId': 'X2EWnA6cc-M'}
headers={'User-Agent': 'Mozilla/5.0 (Windows NT 6.1; Win64; x64; rv:90.0) Gecko/20100101 Firefox/90.0', 'Accept-Language': 'en-US,en', 'Content-Type': 'application/json', 'Origin': 'https://www.youtube.com', 'X-YouTube-Client-Name': '3', 'X-YouTube-Client-Version': '17.31.35'}
2023-02-07 01:05:31,245 - DEBUG - livestream_saver.request - Making API request... endpoint='https://www.youtube.com/youtubei/v1/player?key=AIzaSyA8eiZmM1FaDVjRy-df2KTyQ_vz_yYM39w&prettyPrint=false'
data={'context': {'client': {'clientName': 'ANDROID', 'clientVersion': '17.31.35', 'androidSdkVersion': 30, 'userAgent': 'com.google.android.youtube/17.31.35 (Linux; U; Android 11) gzip', 'hl': 'en'}}, 'videoId': 'X2EWnA6cc-M'}
headers={'User-Agent': 'Mozilla/5.0 (Windows NT 6.1; Win64; x64; rv:90.0) Gecko/20100101 Firefox/90.0', 'Accept-Language': 'en-US,en', 'Content-Type': 'application/json', 'Origin': 'https://www.youtube.com', 'X-YouTube-Client-Name': '3', 'X-YouTube-Client-Version': '17.31.35'}
2023-02-07 01:05:42,582 - DEBUG - livestream_saver.request - Making API request... endpoint='https://www.youtube.com/youtubei/v1/player?key=AIzaSyA8eiZmM1FaDVjRy-df2KTyQ_vz_yYM39w&prettyPrint=false'
data={'context': {'client': {'clientName': 'ANDROID', 'clientVersion': '17.31.35', 'androidSdkVersion': 30, 'userAgent': 'com.google.android.youtube/17.31.35 (Linux; U; Android 11) gzip', 'hl': 'en'}}, 'videoId': 'X2EWnA6cc-M'}
headers={'User-Agent': 'Mozilla/5.0 (Windows NT 6.1; Win64; x64; rv:90.0) Gecko/20100101 Firefox/90.0', 'Accept-Language': 'en-US,en', 'Content-Type': 'application/json', 'Origin': 'https://www.youtube.com', 'X-YouTube-Client-Name': '3', 'X-YouTube-Client-Version': '17.31.35'}
2023-02-07 01:05:53,909 - DEBUG - livestream_saver.request - Making API request... endpoint='https://www.youtube.com/youtubei/v1/player?key=AIzaSyA8eiZmM1FaDVjRy-df2KTyQ_vz_yYM39w&prettyPrint=false'
data={'context': {'client': {'clientName': 'ANDROID', 'clientVersion': '17.31.35', 'androidSdkVersion': 30, 'userAgent': 'com.google.android.youtube/17.31.35 (Linux; U; Android 11) gzip', 'hl': 'en'}}, 'videoId': 'X2EWnA6cc-M'}
headers={'User-Agent': 'Mozilla/5.0 (Windows NT 6.1; Win64; x64; rv:90.0) Gecko/20100101 Firefox/90.0', 'Accept-Language': 'en-US,en', 'Content-Type': 'application/json', 'Origin': 'https://www.youtube.com', 'X-YouTube-Client-Name': '3', 'X-YouTube-Client-Version': '17.31.35'}
2023-02-07 01:06:05,219 - DEBUG - livestream_saver.request - Making API request... endpoint='https://www.youtube.com/youtubei/v1/player?key=AIzaSyA8eiZmM1FaDVjRy-df2KTyQ_vz_yYM39w&prettyPrint=false'
data={'context': {'client': {'clientName': 'ANDROID', 'clientVersion': '17.31.35', 'androidSdkVersion': 30, 'userAgent': 'com.google.android.youtube/17.31.35 (Linux; U; Android 11) gzip', 'hl': 'en'}}, 'videoId': 'X2EWnA6cc-M'}
headers={'User-Agent': 'Mozilla/5.0 (Windows NT 6.1; Win64; x64; rv:90.0) Gecko/20100101 Firefox/90.0', 'Accept-Language': 'en-US,en', 'Content-Type': 'application/json', 'Origin': 'https://www.youtube.com', 'X-YouTube-Client-Name': '3', 'X-YouTube-Client-Version': '17.31.35'}
2023-02-07 01:06:16,547 - DEBUG - livestream_saver.request - Making API request... endpoint='https://www.youtube.com/youtubei/v1/player?key=AIzaSyA8eiZmM1FaDVjRy-df2KTyQ_vz_yYM39w&prettyPrint=false'
data={'context': {'client': {'clientName': 'ANDROID', 'clientVersion': '17.31.35', 'androidSdkVersion': 30, 'userAgent': 'com.google.android.youtube/17.31.35 (Linux; U; Android 11) gzip', 'hl': 'en'}}, 'videoId': 'X2EWnA6cc-M'}
headers={'User-Agent': 'Mozilla/5.0 (Windows NT 6.1; Win64; x64; rv:90.0) Gecko/20100101 Firefox/90.0', 'Accept-Language': 'en-US,en', 'Content-Type': 'application/json', 'Origin': 'https://www.youtube.com', 'X-YouTube-Client-Name': '3', 'X-YouTube-Client-Version': '17.31.35'}
2023-02-07 01:06:27,885 - DEBUG - livestream_saver.request - Making API request... endpoint='https://www.youtube.com/youtubei/v1/player?key=AIzaSyA8eiZmM1FaDVjRy-df2KTyQ_vz_yYM39w&prettyPrint=false'
data={'context': {'client': {'clientName': 'ANDROID', 'clientVersion': '17.31.35', 'androidSdkVersion': 30, 'userAgent': 'com.google.android.youtube/17.31.35 (Linux; U; Android 11) gzip', 'hl': 'en'}}, 'videoId': 'X2EWnA6cc-M'}
headers={'User-Agent': 'Mozilla/5.0 (Windows NT 6.1; Win64; x64; rv:90.0) Gecko/20100101 Firefox/90.0', 'Accept-Language': 'en-US,en', 'Content-Type': 'application/json', 'Origin': 'https://www.youtube.com', 'X-YouTube-Client-Name': '3', 'X-YouTube-Client-Version': '17.31.35'}
2023-02-07 01:06:39,198 - DEBUG - livestream_saver.request - Making API request... endpoint='https://www.youtube.com/youtubei/v1/player?key=AIzaSyA8eiZmM1FaDVjRy-df2KTyQ_vz_yYM39w&prettyPrint=false'
data={'context': {'client': {'clientName': 'ANDROID', 'clientVersion': '17.31.35', 'androidSdkVersion': 30, 'userAgent': 'com.google.android.youtube/17.31.35 (Linux; U; Android 11) gzip', 'hl': 'en'}}, 'videoId': 'X2EWnA6cc-M'}
headers={'User-Agent': 'Mozilla/5.0 (Windows NT 6.1; Win64; x64; rv:90.0) Gecko/20100101 Firefox/90.0', 'Accept-Language': 'en-US,en', 'Content-Type': 'application/json', 'Origin': 'https://www.youtube.com', 'X-YouTube-Client-Name': '3', 'X-YouTube-Client-Version': '17.31.35'}
2023-02-07 01:06:50,525 - DEBUG - livestream_saver.request - Making API request... endpoint='https://www.youtube.com/youtubei/v1/player?key=AIzaSyA8eiZmM1FaDVjRy-df2KTyQ_vz_yYM39w&prettyPrint=false'
data={'context': {'client': {'clientName': 'ANDROID', 'clientVersion': '17.31.35', 'androidSdkVersion': 30, 'userAgent': 'com.google.android.youtube/17.31.35 (Linux; U; Android 11) gzip', 'hl': 'en'}}, 'videoId': 'X2EWnA6cc-M'}
headers={'User-Agent': 'Mozilla/5.0 (Windows NT 6.1; Win64; x64; rv:90.0) Gecko/20100101 Firefox/90.0', 'Accept-Language': 'en-US,en', 'Content-Type': 'application/json', 'Origin': 'https://www.youtube.com', 'X-YouTube-Client-Name': '3', 'X-YouTube-Client-Version': '17.31.35'}
2023-02-07 01:07:01,903 - DEBUG - livestream_saver.request - Making API request... endpoint='https://www.youtube.com/youtubei/v1/player?key=AIzaSyA8eiZmM1FaDVjRy-df2KTyQ_vz_yYM39w&prettyPrint=false'
data={'context': {'client': {'clientName': 'ANDROID', 'clientVersion': '17.31.35', 'androidSdkVersion': 30, 'userAgent': 'com.google.android.youtube/17.31.35 (Linux; U; Android 11) gzip', 'hl': 'en'}}, 'videoId': 'X2EWnA6cc-M'}
headers={'User-Agent': 'Mozilla/5.0 (Windows NT 6.1; Win64; x64; rv:90.0) Gecko/20100101 Firefox/90.0', 'Accept-Language': 'en-US,en', 'Content-Type': 'application/json', 'Origin': 'https://www.youtube.com', 'X-YouTube-Client-Name': '3', 'X-YouTube-Client-Version': '17.31.35'}
2023-02-07 01:07:13,262 - DEBUG - livestream_saver.request - Making API request... endpoint='https://www.youtube.com/youtubei/v1/player?key=AIzaSyA8eiZmM1FaDVjRy-df2KTyQ_vz_yYM39w&prettyPrint=false'
data={'context': {'client': {'clientName': 'ANDROID', 'clientVersion': '17.31.35', 'androidSdkVersion': 30, 'userAgent': 'com.google.android.youtube/17.31.35 (Linux; U; Android 11) gzip', 'hl': 'en'}}, 'videoId': 'X2EWnA6cc-M'}
headers={'User-Agent': 'Mozilla/5.0 (Windows NT 6.1; Win64; x64; rv:90.0) Gecko/20100101 Firefox/90.0', 'Accept-Language': 'en-US,en', 'Content-Type': 'application/json', 'Origin': 'https://www.youtube.com', 'X-YouTube-Client-Name': '3', 'X-YouTube-Client-Version': '17.31.35'}
2023-02-07 01:07:13,478 - INFO - livestream_saver - Finished downloading X2EWnA6cc-M.
2023-02-07 01:07:13,479 - INFO - livestream_saver - Merging segments...
2023-02-07 01:07:13,500 - ERROR - livestream_saver - Could not find ffmpeg or ffprobe! Make sure it is installed and discoverable from your PATH environment variable.
2023-02-07 01:07:13,500 - INFO - livestream_saver.monitor - Sleeping for 17.03 minutes (1021.55 seconds)...
